This is pdfTeX, Version 3.1415926-2.3-1.40.12 (MiKTeX 2.9) (preloaded format=pdflatex 2017.7.1)  4 NOV 2018 12:15
entering extended mode
**document.tex

(D:\Áéâ~\Â§ßÂ≠¶ÂõõÂπ¥Á∫ß\ÂõæÂÉèÂ§ÑÁêÜ‰∏≠ÁöÑÊï∞Â≠¶ÊñπÊ≥ï\HW1\report\document.tex
LaTeX2e <2011/06/27>
Babel <v3.8m> and hyphenation patterns for loaded.
(C:\CTEX\MiKTeX\tex\latex\base\article.cls
Document Class: article 2007/10/19 v1.4h Standard LaTeX document class
(C:\CTEX\MiKTeX\tex\latex\base\size10.clo
File: size10.clo 2007/10/19 v1.4h Standard LaTeX file (size option)
)
\c@part=\count79
\c@section=\count80
\c@subsection=\count81
\c@subsubsection=\count82
\c@paragraph=\count83
\c@subparagraph=\count84
\c@figure=\count85
\c@table=\count86
\abovecaptionskip=\skip41
\belowcaptionskip=\skip42
\bibindent=\dimen102
)
(C:\CTEX\UserData\tex\latex\algorithms\algorithm.sty
Package: algorithm 2009/08/24 v0.1 Document Style `algorithm' - floating enviro
nment

(C:\CTEX\MiKTeX\tex\latex\float\float.sty
Package: float 2001/11/08 v1.3d Float enhancements (AL)
\c@float@type=\count87
\float@exts=\toks14
\float@box=\box26
\@float@everytoks=\toks15
\@floatcapt=\box27
)
(C:\CTEX\MiKTeX\tex\latex\base\ifthen.sty
Package: ifthen 2001/05/26 v1.1c Standard LaTeX ifthen package (DPC)
)
\@float@every@algorithm=\toks16
\c@algorithm=\count88
)
(C:\CTEX\UserData\tex\latex\algorithmicx\algpseudocode.sty
Package: algpseudocode 

(C:\CTEX\UserData\tex\latex\algorithmicx\algorithmicx.sty
Package: algorithmicx 2005/04/27 v1.2 Algorithmicx

Document Style algorithmicx 1.2 - a greatly improved `algorithmic' style
\c@ALG@line=\count89
\c@ALG@rem=\count90
\c@ALG@nested=\count91
\ALG@tlm=\skip43
\ALG@thistlm=\skip44
\c@ALG@Lnr=\count92
\c@ALG@blocknr=\count93
\c@ALG@storecount=\count94
\c@ALG@tmpcounter=\count95
\ALG@tmplength=\skip45
)
Document Style - pseudocode environments for use with the `algorithmicx' style
) (C:\CTEX\MiKTeX\tex\latex\tools\bm.sty
Package: bm 2004/02/26 v1.1c Bold Symbol Support (DPC/FMi)
\symboldoperators=\mathgroup4
\symboldletters=\mathgroup5
\symboldsymbols=\mathgroup6
LaTeX Font Info:    Redeclaring math alphabet \mathbf on input line 138.
LaTeX Info: Redefining \bm on input line 204.
)
(C:\CTEX\MiKTeX\tex\latex\ams\math\amsmath.sty
Package: amsmath 2000/07/18 v2.13 AMS math features
\@mathmargin=\skip46

For additional information on amsmath, use the `?' option.
(C:\CTEX\MiKTeX\tex\latex\ams\math\amstext.sty
Package: amstext 2000/06/29 v2.01

(C:\CTEX\MiKTeX\tex\latex\ams\math\amsgen.sty
File: amsgen.sty 1999/11/30 v2.0
\@emptytoks=\toks17
\ex@=\dimen103
))
(C:\CTEX\MiKTeX\tex\latex\ams\math\amsbsy.sty
Package: amsbsy 1999/11/29 v1.2d
LaTeX Info: Redefining \boldsymbol on input line 54.
\pmbraise@=\dimen104
)
(C:\CTEX\MiKTeX\tex\latex\ams\math\amsopn.sty
Package: amsopn 1999/12/14 v2.01 operator names
)
\inf@bad=\count96
LaTeX Info: Redefining \frac on input line 211.
\uproot@=\count97
\leftroot@=\count98
LaTeX Info: Redefining \overline on input line 307.
\classnum@=\count99
\DOTSCASE@=\count100
LaTeX Info: Redefining \ldots on input line 379.
LaTeX Info: Redefining \dots on input line 382.
LaTeX Info: Redefining \cdots on input line 467.
\Mathstrutbox@=\box28
\strutbox@=\box29
\big@size=\dimen105
LaTeX Font Info:    Redeclaring font encoding OML on input line 567.
LaTeX Font Info:    Redeclaring font encoding OMS on input line 568.
\macc@depth=\count101
\c@MaxMatrixCols=\count102
\dotsspace@=\muskip10
\c@parentequation=\count103
\dspbrk@lvl=\count104
\tag@help=\toks18
\row@=\count105
\column@=\count106
\maxfields@=\count107
\andhelp@=\toks19
\eqnshift@=\dimen106
\alignsep@=\dimen107
\tagshift@=\dimen108
\tagwidth@=\dimen109
\totwidth@=\dimen110
\lineht@=\dimen111
\@envbody=\toks20
\multlinegap=\skip47
\multlinetaggap=\skip48
\mathdisplay@stack=\toks21
LaTeX Info: Redefining \[ on input line 2666.
LaTeX Info: Redefining \] on input line 2667.
)
(C:\CTEX\MiKTeX\tex\latex\amsfonts\amssymb.sty
Package: amssymb 2009/06/22 v3.00

(C:\CTEX\MiKTeX\tex\latex\amsfonts\amsfonts.sty
Package: amsfonts 2009/06/22 v3.00 Basic AMSFonts support
\symAMSa=\mathgroup7
\symAMSb=\mathgroup8
LaTeX Font Info:    Overwriting math alphabet `\mathfrak' in version `bold'
(Font)                  U/euf/m/n --> U/euf/b/n on input line 96.
))
(C:\CTEX\MiKTeX\tex\latex\ams\classes\amsthm.sty
Package: amsthm 2004/08/06 v2.20
\thm@style=\toks22
\thm@bodyfont=\toks23
\thm@headfont=\toks24
\thm@notefont=\toks25
\thm@headpunct=\toks26
\thm@preskip=\skip49
\thm@postskip=\skip50
\thm@headsep=\skip51
\dth@everypar=\toks27
)
(C:\CTEX\MiKTeX\tex\latex\jknappen\mathrsfs.sty
Package: mathrsfs 1996/01/01 Math RSFS package v1.0 (jk)
\symrsfs=\mathgroup9
)
(C:\CTEX\MiKTeX\tex\latex\ltxmisc\url.sty
\Urlmuskip=\muskip11
Package: url 2006/04/12  ver 3.3  Verb mode for urls, etc.
)
(C:\CTEX\MiKTeX\tex\latex\hyperref\hyperref.sty
Package: hyperref 2012/02/06 v6.82o Hypertext links for LaTeX

(C:\CTEX\MiKTeX\tex\generic\oberdiek\hobsub-hyperref.sty
Package: hobsub-hyperref 2011/04/23 v1.4 Bundle oberdiek, subset hyperref (HO)

(C:\CTEX\MiKTeX\tex\generic\oberdiek\hobsub-generic.sty
Package: hobsub-generic 2011/04/23 v1.4 Bundle oberdiek, subset generic (HO)
Package: hobsub 2011/04/23 v1.4 Subsetting bundle oberdiek (HO)
Package: infwarerr 2010/04/08 v1.3 Providing info/warning/message (HO)
Package: ltxcmds 2011/04/18 v1.20 LaTeX kernel commands for general use (HO)
Package: ifluatex 2010/03/01 v1.3 Provides the ifluatex switch (HO)
Package ifluatex Info: LuaTeX not detected.
Package: ifvtex 2010/03/01 v1.5 Switches for detecting VTeX and its modes (HO)
Package ifvtex Info: VTeX not detected.
Package: intcalc 2007/09/27 v1.1 Expandable integer calculations (HO)
Package: ifpdf 2011/01/30 v2.3 Provides the ifpdf switch (HO)
Package ifpdf Info: pdfTeX in PDF mode is detected.
Package: etexcmds 2011/02/16 v1.5 Prefix for e-TeX command names (HO)
Package etexcmds Info: Could not find \expanded.
(etexcmds)             That can mean that you are not using pdfTeX 1.50 or
(etexcmds)             that some package has redefined \expanded.
(etexcmds)             In the latter case, load this package earlier.
Package: kvsetkeys 2011/04/07 v1.13 Key value parser (HO)
Package: kvdefinekeys 2011/04/07 v1.3 Defining keys (HO)
Package: pdftexcmds 2011/04/22 v0.16 Utilities of pdfTeX for LuaTeX (HO)
Package pdftexcmds Info: LuaTeX not detected.
Package pdftexcmds Info: \pdf@primitive is available.
Package pdftexcmds Info: \pdf@ifprimitive is available.
Package pdftexcmds Info: \pdfdraftmode found.
Package: pdfescape 2011/04/04 v1.12 Provides string conversions (HO)
Package: bigintcalc 2011/01/30 v1.2 Expandable big integer calculations (HO)
Package: bitset 2011/01/30 v1.1 Data type bit set (HO)
Package: uniquecounter 2011/01/30 v1.2 Provides unlimited unique counter (HO)
)
Package hobsub Info: Skipping package `hobsub' (already loaded).
Package: letltxmacro 2010/09/02 v1.4 Let assignment for LaTeX macros (HO)
Package: hopatch 2011/01/30 v1.0 Wrapper for package hooks (HO)
Package: xcolor-patch 2011/01/30 xcolor patch
Package: atveryend 2011/04/23 v1.7 Hooks at very end of document (HO)
Package: atbegshi 2011/01/30 v1.15 At begin shipout hook (HO)
Package: refcount 2010/12/01 v3.2 Data extraction from references (HO)
Package: hycolor 2011/01/30 v1.7 Color options of hyperref/bookmark (HO)
)
(C:\CTEX\MiKTeX\tex\latex\graphics\keyval.sty
Package: keyval 1999/03/16 v1.13 key=value parser (DPC)
\KV@toks@=\toks28
)
(C:\CTEX\MiKTeX\tex\generic\ifxetex\ifxetex.sty
Package: ifxetex 2010/09/12 v0.6 Provides ifxetex conditional
)
(C:\CTEX\MiKTeX\tex\latex\oberdiek\kvoptions.sty
Package: kvoptions 2010/12/23 v3.10 Keyval support for LaTeX options (HO)
)
\@linkdim=\dimen112
\Hy@linkcounter=\count108
\Hy@pagecounter=\count109

(C:\CTEX\MiKTeX\tex\latex\hyperref\pd1enc.def
File: pd1enc.def 2012/02/06 v6.82o Hyperref: PDFDocEncoding definition (HO)
)
\Hy@SavedSpaceFactor=\count110

(C:\CTEX\MiKTeX\tex\latex\00miktex\hyperref.cfg
File: hyperref.cfg 2002/06/06 v1.2 hyperref configuration of TeXLive
)
Package hyperref Info: Option `colorlinks' set `true' on input line 3925.
Package hyperref Info: Hyper figures OFF on input line 4046.
Package hyperref Info: Link nesting OFF on input line 4051.
Package hyperref Info: Hyper index ON on input line 4054.
Package hyperref Info: Plain pages OFF on input line 4061.
Package hyperref Info: Backreferencing OFF on input line 4066.
Package hyperref Info: Implicit mode ON; LaTeX internals redefined.
Package hyperref Info: Bookmarks ON on input line 4284.
\c@Hy@tempcnt=\count111
LaTeX Info: Redefining \url on input line 4637.
\Fld@menulength=\count112
\Field@Width=\dimen113
\Fld@charsize=\dimen114
Package hyperref Info: Hyper figures OFF on input line 5757.
Package hyperref Info: Link nesting OFF on input line 5762.
Package hyperref Info: Hyper index ON on input line 5765.
Package hyperref Info: backreferencing OFF on input line 5772.
Package hyperref Info: Link coloring ON on input line 5775.
Package hyperref Info: Link coloring with OCG OFF on input line 5782.
Package hyperref Info: PDF/A mode OFF on input line 5787.
LaTeX Info: Redefining \ref on input line 5827.
LaTeX Info: Redefining \pageref on input line 5831.
\Hy@abspage=\count113
\c@Item=\count114
\c@Hfootnote=\count115
)

Package hyperref Message: Driver (autodetected): hpdftex.

(C:\CTEX\MiKTeX\tex\latex\hyperref\hpdftex.def
File: hpdftex.def 2012/02/06 v6.82o Hyperref driver for pdfTeX
\Fld@listcount=\count116
\c@bookmark@seq@number=\count117

(C:\CTEX\MiKTeX\tex\latex\oberdiek\rerunfilecheck.sty
Package: rerunfilecheck 2011/04/15 v1.7 Rerun checks for auxiliary files (HO)
Package uniquecounter Info: New unique counter `rerunfilecheck' on input line 2
82.
)
\Hy@SectionHShift=\skip52
)
\c@thm=\count118

(C:\CTEX\MiKTeX\tex\latex\graphics\epsfig.sty
Package: epsfig 1999/02/16 v1.7a (e)psfig emulation (SPQR)

(C:\CTEX\MiKTeX\tex\latex\graphics\graphicx.sty
Package: graphicx 1999/02/16 v1.0f Enhanced LaTeX Graphics (DPC,SPQR)

(C:\CTEX\MiKTeX\tex\latex\graphics\graphics.sty
Package: graphics 2009/02/05 v1.0o Standard LaTeX Graphics (DPC,SPQR)

(C:\CTEX\MiKTeX\tex\latex\graphics\trig.sty
Package: trig 1999/03/16 v1.09 sin cos tan (DPC)
)
(C:\CTEX\MiKTeX\tex\latex\00miktex\graphics.cfg
File: graphics.cfg 2007/01/18 v1.5 graphics configuration of teTeX/TeXLive
)
Package graphics Info: Driver file: pdftex.def on input line 91.

(C:\CTEX\MiKTeX\tex\latex\pdftex-def\pdftex.def
File: pdftex.def 2011/05/27 v0.06d Graphics/color for pdfTeX
\Gread@gobject=\count119
))
\Gin@req@height=\dimen115
\Gin@req@width=\dimen116
)
\epsfxsize=\dimen117
\epsfysize=\dimen118
)
(C:\CTEX\MiKTeX\tex\latex\multirow\multirow.sty
\bigstrutjot=\dimen119
)
(C:\CTEX\UserData\tex\latex\subfigure\subfigure.sty
Package: subfigure 2002/07/30 v2.1.4 subfigure package
\subfigtopskip=\skip53
\subfigcapskip=\skip54
\subfigcaptopadj=\dimen120
\subfigbottomskip=\skip55
\subfigcapmargin=\dimen121
\subfiglabelskip=\skip56
\c@subfigure=\count120
\c@lofdepth=\count121
\c@subtable=\count122
\c@lotdepth=\count123

****************************************
* Local config file subfigure.cfg used *
****************************************
(C:\CTEX\UserData\tex\latex\subfigure\subfigure.cfg)
\subfig@top=\skip57
\subfig@bottom=\skip58
)
(C:\CTEX\UserData\tex\latex\booktabs\booktabs.sty
Package: booktabs 2005/04/14 v1.61803 publication quality tables
\heavyrulewidth=\dimen122
\lightrulewidth=\dimen123
\cmidrulewidth=\dimen124
\belowrulesep=\dimen125
\belowbottomsep=\dimen126
\aboverulesep=\dimen127
\abovetopsep=\dimen128
\cmidrulesep=\dimen129
\cmidrulekern=\dimen130
\defaultaddspace=\dimen131
\@cmidla=\count124
\@cmidlb=\count125
\@aboverulesep=\dimen132
\@belowrulesep=\dimen133
\@thisruleclass=\count126
\@lastruleclass=\count127
\@thisrulewidth=\dimen134
)
(C:\CTEX\UserData\tex\latex\listings\listings.sty
\lst@mode=\count128
\lst@gtempboxa=\box30
\lst@token=\toks29
\lst@length=\count129
\lst@currlwidth=\dimen135
\lst@column=\count130
\lst@pos=\count131
\lst@lostspace=\dimen136
\lst@width=\dimen137
\lst@newlines=\count132
\lst@lineno=\count133
\lst@maxwidth=\dimen138

(C:\CTEX\UserData\tex\latex\listings\lstmisc.sty
File: lstmisc.sty 2015/06/04 1.6 (Carsten Heinz)
\c@lstnumber=\count134
\lst@skipnumbers=\count135
\lst@framebox=\box31
)
(C:\CTEX\UserData\tex\latex\listings\listings.cfg
File: listings.cfg 2015/06/04 1.6 listings configuration
))
Package: listings 2015/06/04 1.6 (Carsten Heinz)

(C:\CTEX\UserData\tex\latex\xcolor\xcolor.sty
Package: xcolor 2016/05/11 v2.12 LaTeX color extensions (UK)

(C:\CTEX\MiKTeX\tex\latex\00miktex\color.cfg
File: color.cfg 2007/01/18 v1.5 color configuration of teTeX/TeXLive
)
Package xcolor Info: Driver file: pdftex.def on input line 225.
Package xcolor Info: Model `cmy' substituted by `cmy0' on input line 1348.
Package xcolor Info: Model `hsb' substituted by `rgb' on input line 1352.
Package xcolor Info: Model `RGB' extended on input line 1364.
Package xcolor Info: Model `HTML' substituted by `rgb' on input line 1366.
Package xcolor Info: Model `Hsb' substituted by `hsb' on input line 1367.
Package xcolor Info: Model `tHsb' substituted by `hsb' on input line 1368.
Package xcolor Info: Model `HSB' substituted by `hsb' on input line 1369.
Package xcolor Info: Model `Gray' substituted by `gray' on input line 1370.
Package xcolor Info: Model `wave' substituted by `hsb' on input line 1371.
)
(C:\CTEX\UserData\tex\latex\listings\lstlang1.sty
File: lstlang1.sty 2015/06/04 1.6 listings language file
)
(D:\Áéâ~\Â§ßÂ≠¶ÂõõÂπ¥Á∫ß\ÂõæÂÉèÂ§ÑÁêÜ‰∏≠ÁöÑÊï∞Â≠¶ÊñπÊ≥ï\HW1\report\document.aux
)
LaTeX Font Info:    Checking defaults for OML/cmm/m/it on input line 67.
LaTeX Font Info:    ... okay on input line 67.
LaTeX Font Info:    Checking defaults for T1/cmr/m/n on input line 67.
LaTeX Font Info:    ... okay on input line 67.
LaTeX Font Info:    Checking defaults for OT1/cmr/m/n on input line 67.
LaTeX Font Info:    ... okay on input line 67.
LaTeX Font Info:    Checking defaults for OMS/cmsy/m/n on input line 67.
LaTeX Font Info:    ... okay on input line 67.
LaTeX Font Info:    Checking defaults for OMX/cmex/m/n on input line 67.
LaTeX Font Info:    ... okay on input line 67.
LaTeX Font Info:    Checking defaults for U/cmr/m/n on input line 67.
LaTeX Font Info:    ... okay on input line 67.
LaTeX Font Info:    Checking defaults for PD1/pdf/m/n on input line 67.
LaTeX Font Info:    ... okay on input line 67.
\AtBeginShipoutBox=\box32
Package hyperref Info: Link coloring ON on input line 67.
 (C:\CTEX\MiKTeX\tex\latex\hyperref\nameref.sty
Package: nameref 2010/04/30 v2.40 Cross-referencing by name of section

(C:\CTEX\MiKTeX\tex\generic\oberdiek\gettitlestring.sty
Package: gettitlestring 2010/12/03 v1.4 Cleanup title references (HO)
)
\c@section@level=\count136
)
LaTeX Info: Redefining \ref on input line 67.
LaTeX Info: Redefining \pageref on input line 67.
LaTeX Info: Redefining \nameref on input line 67.

(D:\Áéâ~\Â§ßÂ≠¶ÂõõÂπ¥Á∫ß\ÂõæÂÉèÂ§ÑÁêÜ‰∏≠ÁöÑÊï∞Â≠¶ÊñπÊ≥ï\HW1\report\document.out
)
(D:\Áéâ~\Â§ßÂ≠¶ÂõõÂπ¥Á∫ß\ÂõæÂÉèÂ§ÑÁêÜ‰∏≠ÁöÑÊï∞Â≠¶ÊñπÊ≥ï\HW1\report\document.out
)
\@outlinefile=\write3
 (C:\CTEX\MiKTeX\tex\context\base\supp-pdf.mkii
[Loading MPS to PDF converter (version 2006.09.02).]
\scratchcounter=\count137
\scratchdimen=\dimen139
\scratchbox=\box33
\nofMPsegments=\count138
\nofMParguments=\count139
\everyMPshowfont=\toks30
\MPscratchCnt=\count140
\MPscratchDim=\dimen140
\MPnumerator=\count141
\makeMPintoPDFobject=\count142
\everyMPtoPDFconversion=\toks31
)
\c@lstlisting=\count143
LaTeX Font Info:    Try loading font information for U+msa on input line 69.
 (C:\CTEX\MiKTeX\tex\latex\amsfonts\umsa.fd
File: umsa.fd 2009/06/22 v3.00 AMS symbols A
)
LaTeX Font Info:    Try loading font information for U+msb on input line 69.

(C:\CTEX\MiKTeX\tex\latex\amsfonts\umsb.fd
File: umsb.fd 2009/06/22 v3.00 AMS symbols B
)
LaTeX Font Info:    Try loading font information for U+rsfs on input line 69.

(C:\CTEX\MiKTeX\tex\latex\jknappen\ursfs.fd
File: ursfs.fd 1998/03/24 rsfs font definition file (jk)
) [1

{C:/CTEX/UserData/pdftex/config/pdftex.map{Unicode.sfd}{UGBK.sfd}}] [2]
Package hyperref Info: bookmark level for unknown algorithm defaults to 0 on in
put line 144.
 [3] [4]
LaTeX Font Info:    Try loading font information for OMS+cmr on input line 226.


(C:\CTEX\MiKTeX\tex\latex\base\omscmr.fd
File: omscmr.fd 1999/05/25 v2.5h Standard LaTeX font definitions
)
LaTeX Font Info:    Font shape `OMS/cmr/m/n' in size <10> not available
(Font)              Font shape `OMS/cmsy/m/n' tried instead on input line 226.
 [5]
<kamiya_blurred_cyclic.jpg, id=84, 793.96625pt x 898.35625pt>
File: kamiya_blurred_cyclic.jpg Graphic file (type jpg)

<use kamiya_blurred_cyclic.jpg>
Package pdftex.def Info: kamiya_blurred_cyclic.jpg used on input line 236.
(pdftex.def)             Requested size: 172.5pt x 195.17157pt.

<kamiya_recovered_cyclic.jpg, id=85, 793.96625pt x 898.35625pt>
File: kamiya_recovered_cyclic.jpg Graphic file (type jpg)

<use kamiya_recovered_cyclic.jpg>
Package pdftex.def Info: kamiya_recovered_cyclic.jpg used on input line 239.
(pdftex.def)             Requested size: 172.5pt x 195.17157pt.

<shizuwo_blurred_cyclic.jpg, id=86, 897.3525pt x 775.89874pt>
File: shizuwo_blurred_cyclic.jpg Graphic file (type jpg)

<use shizuwo_blurred_cyclic.jpg>
Package pdftex.def Info: shizuwo_blurred_cyclic.jpg used on input line 242.
(pdftex.def)             Requested size: 172.5pt x 149.15082pt.

<shizuwo_recovered_cyclic.jpg, id=87, 897.3525pt x 775.89874pt>
File: shizuwo_recovered_cyclic.jpg Graphic file (type jpg)

<use shizuwo_recovered_cyclic.jpg>
Package pdftex.def Info: shizuwo_recovered_cyclic.jpg used on input line 245.
(pdftex.def)             Requested size: 172.5pt x 149.15082pt.

<classic_blurred_cyclic.jpg, id=88, 671.50874pt x 550.055pt>
File: classic_blurred_cyclic.jpg Graphic file (type jpg)

<use classic_blurred_cyclic.jpg>
Package pdftex.def Info: classic_blurred_cyclic.jpg used on input line 248.
(pdftex.def)             Requested size: 172.5pt x 141.29872pt.

<classic_recovered_cyclic.jpg, id=89, 671.50874pt x 550.055pt>
File: classic_recovered_cyclic.jpg Graphic file (type jpg)

<use classic_recovered_cyclic.jpg>
Package pdftex.def Info: classic_recovered_cyclic.jpg used on input line 251.
(pdftex.def)             Requested size: 172.5pt x 141.29872pt.

<koala_blurred_cyclic.jpg, id=90, 811.03pt x 959.585pt>
File: koala_blurred_cyclic.jpg Graphic file (type jpg)

<use koala_blurred_cyclic.jpg>
Package pdftex.def Info: koala_blurred_cyclic.jpg used on input line 254.
(pdftex.def)             Requested size: 172.5pt x 204.0958pt.

<koala_recovered_cyclic.jpg, id=91, 811.03pt x 959.585pt>
File: koala_recovered_cyclic.jpg Graphic file (type jpg)

<use koala_recovered_cyclic.jpg>
Package pdftex.def Info: koala_recovered_cyclic.jpg used on input line 257.
(pdftex.def)             Requested size: 172.5pt x 204.0958pt.

Overfull \hbox (2.22221pt too wide) in paragraph at lines 235--259
[]$[]$ $[]$
 []


Overfull \hbox (2.22221pt too wide) in paragraph at lines 235--259
$[]$ $[]$
 []


Overfull \hbox (2.22221pt too wide) in paragraph at lines 235--259
$[]$ $[]$
 []


Overfull \hbox (2.22221pt too wide) in paragraph at lines 235--259
$[]$ $[]$ 
 []


LaTeX Warning: Float too large for page by 174.60579pt on input line 259.

<kamiya_blurred.jpg, id=92, 793.96625pt x 898.35625pt>
File: kamiya_blurred.jpg Graphic file (type jpg)

<use kamiya_blurred.jpg>
Package pdftex.def Info: kamiya_blurred.jpg used on input line 264.
(pdftex.def)             Requested size: 172.5pt x 195.17157pt.

<kamiya_recovered.jpg, id=93, 793.96625pt x 898.35625pt>
File: kamiya_recovered.jpg Graphic file (type jpg)

<use kamiya_recovered.jpg>
Package pdftex.def Info: kamiya_recovered.jpg used on input line 267.
(pdftex.def)             Requested size: 172.5pt x 195.17157pt.

<shizuwo_blurred.jpg, id=94, 897.3525pt x 775.89874pt>
File: shizuwo_blurred.jpg Graphic file (type jpg)

<use shizuwo_blurred.jpg>
Package pdftex.def Info: shizuwo_blurred.jpg used on input line 270.
(pdftex.def)             Requested size: 172.5pt x 149.15082pt.

<shizuwo_recovered.jpg, id=95, 897.3525pt x 775.89874pt>
File: shizuwo_recovered.jpg Graphic file (type jpg)

<use shizuwo_recovered.jpg>
Package pdftex.def Info: shizuwo_recovered.jpg used on input line 273.
(pdftex.def)             Requested size: 172.5pt x 149.15082pt.

<classic_blurred.jpg, id=96, 671.50874pt x 550.055pt>
File: classic_blurred.jpg Graphic file (type jpg)

<use classic_blurred.jpg>
Package pdftex.def Info: classic_blurred.jpg used on input line 276.
(pdftex.def)             Requested size: 172.5pt x 141.29872pt.

<classic_recovered.jpg, id=97, 671.50874pt x 550.055pt>
File: classic_recovered.jpg Graphic file (type jpg)

<use classic_recovered.jpg>
Package pdftex.def Info: classic_recovered.jpg used on input line 279.
(pdftex.def)             Requested size: 172.5pt x 141.29872pt.
 <koala_blurred.jpg, id=98, 811.03pt x 959.585pt>
File: koala_blurred.jpg Graphic file (type jpg)

<use koala_blurred.jpg>
Package pdftex.def Info: koala_blurred.jpg used on input line 282.
(pdftex.def)             Requested size: 172.5pt x 204.0958pt.
 <koala_recovered.jpg, id=99, 811.03pt x 959.585pt>
File: koala_recovered.jpg Graphic file (type jpg)

<use koala_recovered.jpg>
Package pdftex.def Info: koala_recovered.jpg used on input line 285.
(pdftex.def)             Requested size: 172.5pt x 204.0958pt.

Overfull \hbox (2.22221pt too wide) in paragraph at lines 263--287
[]$[]$ $[]$
 []


Overfull \hbox (2.22221pt too wide) in paragraph at lines 263--287
$[]$ $[]$
 []


Overfull \hbox (2.22221pt too wide) in paragraph at lines 263--287
$[]$ $[]$
 []


Overfull \hbox (2.22221pt too wide) in paragraph at lines 263--287
$[]$ $[]$ 
 []


LaTeX Warning: Float too large for page by 174.60579pt on input line 287.

Package atveryend Info: Empty hook `BeforeClearDocument' on input line 288.
[6] [7 <D:/Áéâ~/Â§ßÂ≠¶ÂõõÂπ¥Á∫ß/ÂõæÂÉèÂ§ÑÁêÜ‰∏≠ÁöÑÊï∞Â≠¶ÊñπÊ≥ï/HW1/report/kamiy
a_blurred_cyclic.jpg> <D:/Áéâ~/Â§ßÂ≠¶ÂõõÂπ¥Á∫ß/ÂõæÂÉèÂ§ÑÁêÜ‰∏≠ÁöÑÊï∞Â≠¶ÊñπÊ≥ï/H
W1/report/kamiya_recovered_cyclic.jpg> <D:/Áéâ~/Â§ßÂ≠¶ÂõõÂπ¥Á∫ß/ÂõæÂÉèÂ§ÑÁêÜ‰∏≠
ÁöÑÊï∞Â≠¶ÊñπÊ≥ï/HW1/report/shizuwo_blurred_cyclic.jpg> <D:/Áéâ~/Â§ßÂ≠¶ÂõõÂπ¥Á∫ß
/ÂõæÂÉèÂ§ÑÁêÜ‰∏≠ÁöÑÊï∞Â≠¶ÊñπÊ≥ï/HW1/report/shizuwo_recovered_cyclic.jpg> <D:/Áé
â~/Â§ßÂ≠¶ÂõõÂπ¥Á∫ß/ÂõæÂÉèÂ§ÑÁêÜ‰∏≠ÁöÑÊï∞Â≠¶ÊñπÊ≥ï/HW1/report/classic_blurred_cy
clic.jpg> <D:/Áéâ~/Â§ßÂ≠¶ÂõõÂπ¥Á∫ß/ÂõæÂÉèÂ§ÑÁêÜ‰∏≠ÁöÑÊï∞Â≠¶ÊñπÊ≥ï/HW1/report/cl
assic_recovered_cyclic.jpg> <D:/Áéâ~/Â§ßÂ≠¶ÂõõÂπ¥Á∫ß/ÂõæÂÉèÂ§ÑÁêÜ‰∏≠ÁöÑÊï∞Â≠¶Êñ
πÊ≥ï/HW1/report/koala_blurred_cyclic.jpg> <D:/Áéâ~/Â§ßÂ≠¶ÂõõÂπ¥Á∫ß/ÂõæÂÉèÂ§ÑÁêÜ
‰∏≠ÁöÑÊï∞Â≠¶ÊñπÊ≥ï/HW1/report/koala_recovered_cyclic.jpg>] [8 <D:/Áéâ~/Â§ßÂ≠¶Âõ
õÂπ¥Á∫ß/ÂõæÂÉèÂ§ÑÁêÜ‰∏≠ÁöÑÊï∞Â≠¶ÊñπÊ≥ï/HW1/report/kamiya_blurred.jpg> <D:/Áéâ~/
Â§ßÂ≠¶ÂõõÂπ¥Á∫ß/ÂõæÂÉèÂ§ÑÁêÜ‰∏≠ÁöÑÊï∞Â≠¶ÊñπÊ≥ï/HW1/report/kamiya_recovered.jpg>
 <D:/Áéâ~/Â§ßÂ≠¶ÂõõÂπ¥Á∫ß/ÂõæÂÉèÂ§ÑÁêÜ‰∏≠ÁöÑÊï∞Â≠¶ÊñπÊ≥ï/HW1/report/shizuwo_blu
rred.jpg> <D:/Áéâ~/Â§ßÂ≠¶ÂõõÂπ¥Á∫ß/ÂõæÂÉèÂ§ÑÁêÜ‰∏≠ÁöÑÊï∞Â≠¶ÊñπÊ≥ï/HW1/report/sh
izuwo_recovered.jpg> <D:/Áéâ~/Â§ßÂ≠¶ÂõõÂπ¥Á∫ß/ÂõæÂÉèÂ§ÑÁêÜ‰∏≠ÁöÑÊï∞Â≠¶ÊñπÊ≥ï/HW
1/report/classic_blurred.jpg> <D:/Áéâ~/Â§ßÂ≠¶ÂõõÂπ¥Á∫ß/ÂõæÂÉèÂ§ÑÁêÜ‰∏≠ÁöÑÊï∞Â≠¶
ÊñπÊ≥ï/HW1/report/classic_recovered.jpg> <D:/Áéâ~/Â§ßÂ≠¶ÂõõÂπ¥Á∫ß/ÂõæÂÉèÂ§ÑÁêÜ‰
∏≠ÁöÑÊï∞Â≠¶ÊñπÊ≥ï/HW1/report/koala_blurred.jpg> <D:/Áéâ~/Â§ßÂ≠¶ÂõõÂπ¥Á∫ß/ÂõæÂÉè
Â§ÑÁêÜ‰∏≠ÁöÑÊï∞Â≠¶ÊñπÊ≥ï/HW1/report/koala_recovered.jpg>]
Package atveryend Info: Empty hook `AfterLastShipout' on input line 288.

(D:\Áéâ~\Â§ßÂ≠¶ÂõõÂπ¥Á∫ß\ÂõæÂÉèÂ§ÑÁêÜ‰∏≠ÁöÑÊï∞Â≠¶ÊñπÊ≥ï\HW1\report\document.aux
)
Package atveryend Info: Executing hook `AtVeryEndDocument' on input line 288.
Package atveryend Info: Executing hook `AtEndAfterFileList' on input line 288.
Package rerunfilecheck Info: File `document.out' has not changed.
(rerunfilecheck)             Checksum: 6D9F8453A89D025EC803DD8519819D92;786.
 ) 
Here is how much of TeX's memory you used:
 8478 strings out of 495354
 119060 string characters out of 3183860
 250621 words of memory out of 3000000
 11481 multiletter control sequences out of 15000+200000
 17403 words of font info for 67 fonts, out of 3000000 for 9000
 14 hyphenation exceptions out of 8191
 33i,11n,40p,354b,383s stack positions out of 5000i,500n,10000p,200000b,50000s
<C:/CTEX/MiKTeX/fonts/type1/public/amsfonts/cm/cmbx10.pfb><C:/CTEX/MiKTeX/fon
ts/type1/public/amsfonts/cm/cmbx12.pfb><C:/CTEX/MiKTeX/fonts/type1/public/amsfo
nts/cm/cmex10.pfb><C:/CTEX/MiKTeX/fonts/type1/public/amsfonts/cm/cmmi10.pfb><C:
/CTEX/MiKTeX/fonts/type1/public/amsfonts/cm/cmmi7.pfb><C:/CTEX/MiKTeX/fonts/typ
e1/public/amsfonts/cm/cmr10.pfb><C:/CTEX/MiKTeX/fonts/type1/public/amsfonts/cm/
cmr12.pfb><C:/CTEX/MiKTeX/fonts/type1/public/amsfonts/cm/cmr17.pfb><C:/CTEX/MiK
TeX/fonts/type1/public/amsfonts/cm/cmr7.pfb><C:/CTEX/MiKTeX/fonts/type1/public/
amsfonts/cm/cmr8.pfb><C:/CTEX/MiKTeX/fonts/type1/public/amsfonts/cm/cmsy10.pfb>
<C:/CTEX/MiKTeX/fonts/type1/public/amsfonts/cm/cmsy5.pfb><C:/CTEX/MiKTeX/fonts/
type1/public/amsfonts/cm/cmsy7.pfb>
Output written on document.pdf (8 pages, 866532 bytes).
PDF statistics:
 164 PDF objects out of 1000 (max. 8388607)
 25 named destinations out of 1000 (max. 500000)
 169 words of extra memory for PDF output out of 10000 (max. 10000000)

